<?xml version="1.0" encoding="UTF-8"?>
<testsuite name="sapaca.PartTest" tests="9" skipped="0" failures="0" errors="0" timestamp="2016-05-11T19:13:36" hostname="WIN-43CSU51H3R4" time="0.006">
  <properties/>
  <testcase name="getXmlPathPersonTest" classname="sapaca.PartTest" time="0.003"/>
  <testcase name="getXmlPathFaceTest" classname="sapaca.PartTest" time="0.0"/>
  <testcase name="getPartToDetectEyesTest" classname="sapaca.PartTest" time="0.0"/>
  <testcase name="getPartToDetectPersonTest" classname="sapaca.PartTest" time="0.0"/>
  <testcase name="testSetXmlNameEyes" classname="sapaca.PartTest" time="0.001"/>
  <testcase name="testSetXmlNameFace" classname="sapaca.PartTest" time="0.0"/>
  <testcase name="getPartToDetectFaceTest" classname="sapaca.PartTest" time="0.0"/>
  <testcase name="testSetXmlNamePerson" classname="sapaca.PartTest" time="0.0"/>
  <testcase name="getXmlPathEyesTest" classname="sapaca.PartTest" time="0.0"/>
  <system-out><![CDATA[]]></system-out>
  <system-err><![CDATA[]]></system-err>
</testsuite>
